ERC report (2026-06-29T17:35:10, Encoding UTF8)
Report includes: Errors, Warnings

***** Sheet /
[pin_to_pin]: Pins of type Power output and Power output are connected
    ; error
    @(1250 mils, 1150 mils): Symbol #FLG08 Pin 1 [Power output, Line]
    @(2650 mils, 850 mils): Symbol #FLG09 Pin 1 [Power output, Line]
[pin_to_pin]: Pins of type Power output and Power output are connected
    ; error
    @(1000 mils, 1900 mils): Symbol #FLG06 Pin 1 [Power output, Line]
    @(1000 mils, 2100 mils): Symbol #FLG07 Pin 1 [Power output, Line]
[pin_to_pin]: Pins of type Power output and Power output are connected
    ; error
    @(1000 mils, 2100 mils): Symbol #FLG07 Pin 1 [Power output, Line]
    @(1250 mils, 1150 mils): Symbol #FLG08 Pin 1 [Power output, Line]
[pin_to_pin]: Pins of type Power output and Power output are connected
    ; error
    @(1000 mils, 2500 mils): Symbol #FLG01 Pin 1 [Power output, Line]
    @(2550 mils, 2200 mils): Symbol #FLG02 Pin 1 [Power output, Line]
[pin_to_pin]: Pins of type Power output and Power output are connected
    ; error
    @(2250 mils, 1500 mils): Symbol #FLG011 Pin 1 [Power output, Line]
    @(1000 mils, 2000 mils): Symbol #FLG012 Pin 1 [Power output, Line]
[pin_to_pin]: Pins of type Power output and Power output are connected
    ; error
    @(2650 mils, 750 mils): Symbol #FLG010 Pin 1 [Power output, Line]
    @(2250 mils, 1500 mils): Symbol #FLG011 Pin 1 [Power output, Line]
[pin_to_pin]: Pins of type Power output and Power output are connected
    ; error
    @(1000 mils, 2600 mils): Symbol #FLG05 Pin 1 [Power output, Line]
    @(1000 mils, 2100 mils): Symbol #FLG07 Pin 1 [Power output, Line]
[pin_to_pin]: Pins of type Power output and Power output are connected
    ; error
    @(2550 mils, 2100 mils): Symbol #FLG04 Pin 1 [Power output, Line]
    @(2650 mils, 850 mils): Symbol #FLG09 Pin 1 [Power output, Line]
[pin_to_pin]: Pins of type Power output and Power output are connected
    ; error
    @(2550 mils, 2300 mils): Symbol #FLG03 Pin 1 [Power output, Line]
    @(2550 mils, 2100 mils): Symbol #FLG04 Pin 1 [Power output, Line]

 ** ERC messages: 9  Errors 9  Warnings 0

 ** Ignored checks:
    - Global label only appears once in the schematic
    - Four connection points are joined together
    - SPICE model issue
    - Assigned footprint doesn't match footprint filters
